2023-12-28T00:45:19.356-05:00  WARN 79813 --- [HikariPool-1 housekeeper] com.zaxxer.hikari.pool.HikariPool        : HikariPool-1 - Thread starvation or clock leap detected (housekeeper delta=2h144ms).
2023-12-28T00:45:19.358-05:00 DEBUG 79813 --- [HikariPool-1 housekeeper] com.zaxxer.hikari.pool.HikariPool        : HikariPool-1 - Pool stats (total=10, active=0, idle=10, waiting=0)
2023-12-28T00:45:19.358-05:00 DEBUG 79813 --- [HikariPool-1 housekeeper] com.zaxxer.hikari.pool.HikariPool        : HikariPool-1 - Fill pool skipped, pool has sufficient level or currently being filled (queueDepth=0).
2023-12-28T00:45:49.359-05:00 DEBUG 79813 --- [HikariPool-1 housekeeper] com.zaxxer.hikari.pool.HikariPool        : HikariPool-1 - Pool stats (total=10, active=0, idle=10, waiting=0)
2023-12-28T00:45:49.359-05:00 DEBUG 79813 --- [HikariPool-1 housekeeper] com.zaxxer.hikari.pool.HikariPool        : HikariPool-1 - Fill pool skipped, pool has sufficient level or currently being filled (queueDepth=0).
2023-12-28T00:45:51.307-05:00 DEBUG 79813 --- [Catalina-utility-1] o.apache.catalina.session.ManagerBase    : Start expire sessions StandardManager at 1703742351307 sessioncount 0
2023-12-28T00:45:51.307-05:00 DEBUG 79813 --- [Catalina-utility-1] o.apache.catalina.session.ManagerBase    : End expire sessions StandardManager processingTime 0 expired sessions: 0
2023-12-28T00:46:19.358-05:00 DEBUG 79813 --- [HikariPool-1 housekeeper] com.zaxxer.hikari.pool.HikariPool        : HikariPool-1 - Pool stats (total=10, active=0, idle=10, waiting=0)
2023-12-28T00:46:19.358-05:00 DEBUG 79813 --- [HikariPool-1 housekeeper] com.zaxxer.hikari.pool.HikariPool        : HikariPool-1 - Fill pool skipped, pool has sufficient level or currently being filled (queueDepth=0).
2023-12-28T02:17:17.797-05:00  WARN 79813 --- [HikariPool-1 housekeeper] com.zaxxer.hikari.pool.HikariPool        : HikariPool-1 - Thread starvation or clock leap detected (housekeeper delta=1h30m58s439ms).
2023-12-28T02:17:17.797-05:00 DEBUG 79813 --- [HikariPool-1 housekeeper] com.zaxxer.hikari.pool.HikariPool        : HikariPool-1 - Pool stats (total=10, active=0, idle=10, waiting=0)
2023-12-28T02:17:17.797-05:00 DEBUG 79813 --- [HikariPool-1 housekeeper] com.zaxxer.hikari.pool.HikariPool        : HikariPool-1 - Fill pool skipped, pool has sufficient level or currently being filled (queueDepth=0).
2023-12-28T02:17:19.779-05:00 DEBUG 79813 --- [Catalina-utility-1] o.apache.catalina.session.ManagerBase    : Start expire sessions StandardManager at 1703747839779 sessioncount 0
2023-12-28T02:17:19.779-05:00 DEBUG 79813 --- [Catalina-utility-1] o.apache.catalina.session.ManagerBase    : End expire sessions StandardManager processingTime 0 expired sessions: 0
2023-12-28T02:17:47.784-05:00 DEBUG 79813 --- [HikariPool-1 housekeeper] com.zaxxer.hikari.pool.HikariPool        : HikariPool-1 - Pool stats (total=10, active=0, idle=10, waiting=0)
2023-12-28T02:17:47.784-05:00 DEBUG 79813 --- [HikariPool-1 housekeeper] com.zaxxer.hikari.pool.HikariPool        : HikariPool-1 - Fill pool skipped, pool has sufficient level or currently being filled (queueDepth=0).
2023-12-28T04:17:48.877-05:00  WARN 79813 --- [HikariPool-1 housekeeper] com.zaxxer.hikari.pool.HikariPool        : HikariPool-1 - Thread starvation or clock leap detected (housekeeper delta=2h1s93ms).
2023-12-28T04:17:48.877-05:00 DEBUG 79813 --- [HikariPool-1 housekeeper] com.zaxxer.hikari.pool.HikariPool        : HikariPool-1 - Pool stats (total=10, active=0, idle=10, waiting=0)
2023-12-28T04:17:48.877-05:00 DEBUG 79813 --- [HikariPool-1 housekeeper] com.zaxxer.hikari.pool.HikariPool        : HikariPool-1 - Fill pool skipped, pool has sufficient level or currently being filled (queueDepth=0).
2023-12-28T04:17:50.873-05:00 DEBUG 79813 --- [Catalina-utility-1] o.apache.catalina.session.ManagerBase    : Start expire sessions StandardManager at 1703755070873 sessioncount 0
2023-12-28T04:17:50.873-05:00 DEBUG 79813 --- [Catalina-utility-1] o.apache.catalina.session.ManagerBase    : End expire sessions StandardManager processingTime 0 expired sessions: 0
2023-12-28T04:18:18.876-05:00 DEBUG 79813 --- [HikariPool-1 housekeeper] com.zaxxer.hikari.pool.HikariPool        : HikariPool-1 - Pool stats (total=10, active=0, idle=10, waiting=0)
2023-12-28T04:18:18.876-05:00 DEBUG 79813 --- [HikariPool-1 housekeeper] com.zaxxer.hikari.pool.HikariPool        : HikariPool-1 - Fill pool skipped, pool has sufficient level or currently being filled (queueDepth=0).
2023-12-28T04:18:48.883-05:00 DEBUG 79813 --- [HikariPool-1 housekeeper] com.zaxxer.hikari.pool.HikariPool        : HikariPool-1 - Pool stats (total=10, active=0, idle=10, waiting=0)
2023-12-28T04:18:48.883-05:00 DEBUG 79813 --- [HikariPool-1 housekeeper] com.zaxxer.hikari.pool.HikariPool        : HikariPool-1 - Fill pool skipped, pool has sufficient level or currently being filled (queueDepth=0).
2023-12-28T04:18:50.891-05:00 DEBUG 79813 --- [Catalina-utility-2] o.apache.catalina.session.ManagerBase    : Start expire sessions StandardManager at 1703755130891 sessioncount 0
2023-12-28T04:18:50.891-05:00 DEBUG 79813 --- [Catalina-utility-2] o.apache.catalina.session.ManagerBase    : End expire sessions StandardManager processingTime 0 expired sessions: 0
2023-12-28T06:18:49.184-05:00  WARN 79813 --- [HikariPool-1 housekeeper] com.zaxxer.hikari.pool.HikariPool        : HikariPool-1 - Thread starvation or clock leap detected (housekeeper delta=2h301ms).
2023-12-28T06:18:49.184-05:00 DEBUG 79813 --- [HikariPool-1 housekeeper] com.zaxxer.hikari.pool.HikariPool        : HikariPool-1 - Pool stats (total=10, active=0, idle=10, waiting=0)
2023-12-28T06:18:49.184-05:00 DEBUG 79813 --- [HikariPool-1 housekeeper] com.zaxxer.hikari.pool.HikariPool        : HikariPool-1 - Fill pool skipped, pool has sufficient level or currently being filled (queueDepth=0).
2023-12-28T06:19:19.184-05:00 DEBUG 79813 --- [HikariPool-1 housekeeper] com.zaxxer.hikari.pool.HikariPool        : HikariPool-1 - Pool stats (total=10, active=0, idle=10, waiting=0)
2023-12-28T06:19:19.184-05:00 DEBUG 79813 --- [HikariPool-1 housekeeper] com.zaxxer.hikari.pool.HikariPool        : HikariPool-1 - Fill pool skipped, pool has sufficient level or currently being filled (queueDepth=0).
2023-12-28T06:19:21.235-05:00 DEBUG 79813 --- [Catalina-utility-1] o.apache.catalina.session.ManagerBase    : Start expire sessions StandardManager at 1703762361235 sessioncount 0
2023-12-28T06:19:21.235-05:00 DEBUG 79813 --- [Catalina-utility-1] o.apache.catalina.session.ManagerBase    : End expire sessions StandardManager processingTime 0 expired sessions: 0
2023-12-28T06:32:58.758-05:00  WARN 79813 --- [HikariPool-1 housekeeper] com.zaxxer.hikari.pool.HikariPool        : HikariPool-1 - Thread starvation or clock leap detected (housekeeper delta=13m39s574ms).
2023-12-28T06:32:58.759-05:00 DEBUG 79813 --- [HikariPool-1 housekeeper] com.zaxxer.hikari.pool.HikariPool        : HikariPool-1 - Pool stats (total=10, active=0, idle=10, waiting=0)
2023-12-28T06:32:58.759-05:00 DEBUG 79813 --- [HikariPool-1 housekeeper] com.zaxxer.hikari.pool.HikariPool        : HikariPool-1 - Fill pool skipped, pool has sufficient level or currently being filled (queueDepth=0).
2023-12-28T06:33:28.765-05:00 DEBUG 79813 --- [HikariPool-1 housekeeper] com.zaxxer.hikari.pool.HikariPool        : HikariPool-1 - Pool stats (total=10, active=0, idle=10, waiting=0)
2023-12-28T06:33:28.766-05:00 DEBUG 79813 --- [HikariPool-1 housekeeper] com.zaxxer.hikari.pool.HikariPool        : HikariPool-1 - Fill pool skipped, pool has sufficient level or currently being filled (queueDepth=0).
2023-12-28T06:33:30.719-05:00 DEBUG 79813 --- [Catalina-utility-1] o.apache.catalina.session.ManagerBase    : Start expire sessions StandardManager at 1703763210719 sessioncount 0
2023-12-28T06:33:30.720-05:00 DEBUG 79813 --- [Catalina-utility-1] o.apache.catalina.session.ManagerBase    : End expire sessions StandardManager processingTime 1 expired sessions: 0
2023-12-28T06:33:58.772-05:00 DEBUG 79813 --- [HikariPool-1 housekeeper] com.zaxxer.hikari.pool.HikariPool        : HikariPool-1 - Pool stats (total=10, active=0, idle=10, waiting=0)
2023-12-28T06:33:58.772-05:00 DEBUG 79813 --- [HikariPool-1 housekeeper] com.zaxxer.hikari.pool.HikariPool        : HikariPool-1 - Fill pool skipped, pool has sufficient level or currently being filled (queueDepth=0).
2023-12-28T08:19:59.195-05:00  WARN 79813 --- [HikariPool-1 housekeeper] com.zaxxer.hikari.pool.HikariPool        : HikariPool-1 - Thread starvation or clock leap detected (housekeeper delta=1h46m423ms).
2023-12-28T08:19:59.196-05:00 DEBUG 79813 --- [HikariPool-1 housekeeper] com.zaxxer.hikari.pool.HikariPool        : HikariPool-1 - Pool stats (total=10, active=0, idle=10, waiting=0)
2023-12-28T08:19:59.196-05:00 DEBUG 79813 --- [HikariPool-1 housekeeper] com.zaxxer.hikari.pool.HikariPool        : HikariPool-1 - Fill pool skipped, pool has sufficient level or currently being filled (queueDepth=0).
2023-12-28T08:20:01.158-05:00 DEBUG 79813 --- [Catalina-utility-2] o.apache.catalina.session.ManagerBase    : Start expire sessions StandardManager at 1703769601158 sessioncount 0
2023-12-28T08:20:01.158-05:00 DEBUG 79813 --- [Catalina-utility-2] o.apache.catalina.session.ManagerBase    : End expire sessions StandardManager processingTime 0 expired sessions: 0
2023-12-28T08:20:29.204-05:00 DEBUG 79813 --- [HikariPool-1 housekeeper] com.zaxxer.hikari.pool.HikariPool        : HikariPool-1 - Pool stats (total=10, active=0, idle=10, waiting=0)
2023-12-28T08:20:29.204-05:00 DEBUG 79813 --- [HikariPool-1 housekeeper] com.zaxxer.hikari.pool.HikariPool        : HikariPool-1 - Fill pool skipped, pool has sufficient level or currently being filled (queueDepth=0).
2023-12-28T08:20:59.204-05:00 DEBUG 79813 --- [HikariPool-1 housekeeper] com.zaxxer.hikari.pool.HikariPool        : HikariPool-1 - Pool stats (total=10, active=0, idle=10, waiting=0)
2023-12-28T08:20:59.205-05:00 DEBUG 79813 --- [HikariPool-1 housekeeper] com.zaxxer.hikari.pool.HikariPool        : HikariPool-1 - Fill pool skipped, pool has sufficient level or currently being filled (queueDepth=0).
2023-12-28T08:33:59.559-05:00 DEBUG 79813 --- [Catalina-utility-1] o.apache.catalina.session.ManagerBase    : Start expire sessions StandardManager at 1703770439558 sessioncount 0
2023-12-28T08:33:59.561-05:00 DEBUG 79813 --- [Catalina-utility-1] o.apache.catalina.session.ManagerBase    : End expire sessions StandardManager processingTime 3 expired sessions: 0
2023-12-28T08:34:26.521-05:00  WARN 79813 --- [HikariPool-1 housekeeper] com.zaxxer.hikari.pool.HikariPool        : HikariPool-1 - Thread starvation or clock leap detected (housekeeper delta=13m27s317ms).
2023-12-28T08:34:26.521-05:00 DEBUG 79813 --- [HikariPool-1 housekeeper] com.zaxxer.hikari.pool.HikariPool        : HikariPool-1 - Pool stats (total=10, active=0, idle=10, waiting=0)
2023-12-28T08:34:26.521-05:00 DEBUG 79813 --- [HikariPool-1 housekeeper] com.zaxxer.hikari.pool.HikariPool        : HikariPool-1 - Fill pool skipped, pool has sufficient level or currently being filled (queueDepth=0).
2023-12-28T08:34:28.359-05:00 DEBUG 79813 --- [HikariPool-1 connection closer] com.zaxxer.hikari.pool.PoolBase          : HikariPool-1 - Closing connection com.mysql.cj.jdbc.ConnectionImpl@2ee0e68f: (connection has passed maxLifetime)
2023-12-28T08:34:28.822-05:00 DEBUG 79813 --- [HikariPool-1 connection adder] com.zaxxer.hikari.pool.HikariPool        : HikariPool-1 - Added connection com.mysql.cj.jdbc.ConnectionImpl@11dca71f
2023-12-28T08:34:56.524-05:00 DEBUG 79813 --- [HikariPool-1 housekeeper] com.zaxxer.hikari.pool.HikariPool        : HikariPool-1 - Pool stats (total=10, active=0, idle=10, waiting=0)
2023-12-28T08:34:56.524-05:00 DEBUG 79813 --- [HikariPool-1 housekeeper] com.zaxxer.hikari.pool.HikariPool        : HikariPool-1 - Fill pool skipped, pool has sufficient level or currently being filled (queueDepth=0).
2023-12-28T08:34:59.585-05:00 DEBUG 79813 --- [Catalina-utility-2] o.apache.catalina.session.ManagerBase    : Start expire sessions StandardManager at 1703770499585 sessioncount 0
2023-12-28T08:34:59.585-05:00 DEBUG 79813 --- [Catalina-utility-2] o.apache.catalina.session.ManagerBase    : End expire sessions StandardManager processingTime 0 expired sessions: 0
2023-12-28T08:35:05.943-05:00 DEBUG 79813 --- [HikariPool-1 connection closer] com.zaxxer.hikari.pool.PoolBase          : HikariPool-1 - Closing connection com.mysql.cj.jdbc.ConnectionImpl@674d61b0: (connection has passed maxLifetime)
2023-12-28T08:35:06.271-05:00 DEBUG 79813 --- [HikariPool-1 connection adder] com.zaxxer.hikari.pool.HikariPool        : HikariPool-1 - Added connection com.mysql.cj.jdbc.ConnectionImpl@63e936a2
2023-12-28T08:35:09.351-05:00 DEBUG 79813 --- [HikariPool-1 connection closer] com.zaxxer.hikari.pool.PoolBase          : HikariPool-1 - Closing connection com.mysql.cj.jdbc.ConnectionImpl@6d64c2dd: (connection has passed maxLifetime)
2023-12-28T08:35:09.651-05:00 DEBUG 79813 --- [HikariPool-1 connection adder] com.zaxxer.hikari.pool.HikariPool        : HikariPool-1 - Added connection com.mysql.cj.jdbc.ConnectionImpl@22d43c99
2023-12-28T08:35:10.162-05:00 DEBUG 79813 --- [HikariPool-1 connection closer] com.zaxxer.hikari.pool.PoolBase          : HikariPool-1 - Closing connection com.mysql.cj.jdbc.ConnectionImpl@622c6a70: (connection has passed maxLifetime)
2023-12-28T08:35:10.464-05:00 DEBUG 79813 --- [HikariPool-1 connection adder] com.zaxxer.hikari.pool.HikariPool        : HikariPool-1 - Added connection com.mysql.cj.jdbc.ConnectionImpl@133c3d74
2023-12-28T09:15:55.405-05:00 DEBUG 79813 --- [HikariPool-1 connection closer] com.zaxxer.hikari.pool.PoolBase          : HikariPool-1 - Closing connection com.mysql.cj.jdbc.ConnectionImpl@602580e8: (connection has passed maxLifetime)
2023-12-28T09:15:56.772-05:00  WARN 79813 --- [HikariPool-1 housekeeper] com.zaxxer.hikari.pool.HikariPool        : HikariPool-1 - Thread starvation or clock leap detected (housekeeper delta=41m248ms).
2023-12-28T09:15:56.772-05:00 DEBUG 79813 --- [HikariPool-1 housekeeper] com.zaxxer.hikari.pool.HikariPool        : HikariPool-1 - Pool stats (total=9, active=0, idle=9, waiting=0)
2023-12-28T09:15:56.819-05:00 DEBUG 79813 --- [HikariPool-1 connection adder] com.zaxxer.hikari.pool.HikariPool        : HikariPool-1 - Added connection com.mysql.cj.jdbc.ConnectionImpl@44cbb976
2023-12-28T09:16:01.667-05:00 DEBUG 79813 --- [HikariPool-1 connection closer] com.zaxxer.hikari.pool.PoolBase          : HikariPool-1 - Closing connection com.mysql.cj.jdbc.ConnectionImpl@47cfe9b0: (connection has passed maxLifetime)
2023-12-28T09:16:02.239-05:00 DEBUG 79813 --- [HikariPool-1 connection adder] com.zaxxer.hikari.pool.HikariPool        : HikariPool-1 - Added connection com.mysql.cj.jdbc.ConnectionImpl@5f6b34d
2023-12-28T09:16:18.650-05:00 DEBUG 79813 --- [HikariPool-1 connection closer] com.zaxxer.hikari.pool.PoolBase          : HikariPool-1 - Closing connection com.mysql.cj.jdbc.ConnectionImpl@1a25b145: (connection has passed maxLifetime)
2023-12-28T09:16:19.102-05:00 DEBUG 79813 --- [HikariPool-1 connection adder] com.zaxxer.hikari.pool.HikariPool        : HikariPool-1 - Added connection com.mysql.cj.jdbc.ConnectionImpl@412fc358
2023-12-28T09:16:26.771-05:00 DEBUG 79813 --- [HikariPool-1 housekeeper] com.zaxxer.hikari.pool.HikariPool        : HikariPool-1 - Pool stats (total=10, active=0, idle=10, waiting=0)
2023-12-28T09:16:26.771-05:00 DEBUG 79813 --- [HikariPool-1 housekeeper] com.zaxxer.hikari.pool.HikariPool        : HikariPool-1 - Fill pool skipped, pool has sufficient level or currently being filled (queueDepth=0).
2023-12-28T09:16:29.845-05:00 DEBUG 79813 --- [Catalina-utility-1] o.apache.catalina.session.ManagerBase    : Start expire sessions StandardManager at 1703772989845 sessioncount 0
2023-12-28T09:16:29.845-05:00 DEBUG 79813 --- [Catalina-utility-1] o.apache.catalina.session.ManagerBase    : End expire sessions StandardManager processingTime 0 expired sessions: 0
2023-12-28T09:16:56.771-05:00 DEBUG 79813 --- [HikariPool-1 housekeeper] com.zaxxer.hikari.pool.HikariPool        : HikariPool-1 - Pool stats (total=10, active=0, idle=10, waiting=0)
2023-12-28T09:16:56.771-05:00 DEBUG 79813 --- [HikariPool-1 housekeeper] com.zaxxer.hikari.pool.HikariPool        : HikariPool-1 - Fill pool skipped, pool has sufficient level or currently being filled (queueDepth=0).
2023-12-28T09:16:56.978-05:00 DEBUG 79813 --- [HikariPool-1 connection closer] com.zaxxer.hikari.pool.PoolBase          : HikariPool-1 - Closing connection com.mysql.cj.jdbc.ConnectionImpl@7c80ed21: (connection has passed maxLifetime)
2023-12-28T09:16:57.052-05:00 DEBUG 79813 --- [HikariPool-1 housekeeper] com.zaxxer.hikari.pool.HikariPool        : HikariPool-1 - Add connection elided, waiting=0, adders pending/running=2
2023-12-28T09:16:57.052-05:00 DEBUG 79813 --- [HikariPool-1 connection closer] com.zaxxer.hikari.pool.PoolBase          : HikariPool-1 - Closing connection com.mysql.cj.jdbc.ConnectionImpl@553e3ee6: (connection has passed maxLifetime)
2023-12-28T09:16:57.397-05:00 DEBUG 79813 --- [HikariPool-1 connection adder] com.zaxxer.hikari.pool.HikariPool        : HikariPool-1 - Added connection com.mysql.cj.jdbc.ConnectionImpl@65962674
2023-12-28T09:16:57.722-05:00 DEBUG 79813 --- [HikariPool-1 connection adder] com.zaxxer.hikari.pool.HikariPool        : HikariPool-1 - Added connection com.mysql.cj.jdbc.ConnectionImpl@24ab2c4f
2023-12-28T09:17:01.549-05:00 DEBUG 79813 --- [HikariPool-1 connection closer] com.zaxxer.hikari.pool.PoolBase          : HikariPool-1 - Closing connection com.mysql.cj.jdbc.ConnectionImpl@3dbde71a: (connection has passed maxLifetime)
2023-12-28T09:17:01.924-05:00 DEBUG 79813 --- [HikariPool-1 connection adder] com.zaxxer.hikari.pool.HikariPool        : HikariPool-1 - Added connection com.mysql.cj.jdbc.ConnectionImpl@15c5ccc5
2023-12-28T09:17:26.770-05:00 DEBUG 79813 --- [HikariPool-1 housekeeper] com.zaxxer.hikari.pool.HikariPool        : HikariPool-1 - Pool stats (total=10, active=0, idle=10, waiting=0)
2023-12-28T09:17:26.770-05:00 DEBUG 79813 --- [HikariPool-1 housekeeper] com.zaxxer.hikari.pool.HikariPool        : HikariPool-1 - Fill pool skipped, pool has sufficient level or currently being filled (queueDepth=0).
2023-12-28T09:17:29.849-05:00 DEBUG 79813 --- [Catalina-utility-2] o.apache.catalina.session.ManagerBase    : Start expire sessions StandardManager at 1703773049849 sessioncount 0
2023-12-28T09:17:29.849-05:00 DEBUG 79813 --- [Catalina-utility-2] o.apache.catalina.session.ManagerBase    : End expire sessions StandardManager processingTime 0 expired sessions: 0
2023-12-28T09:17:56.769-05:00 DEBUG 79813 --- [HikariPool-1 housekeeper] com.zaxxer.hikari.pool.HikariPool        : HikariPool-1 - Pool stats (total=10, active=0, idle=10, waiting=0)
2023-12-28T09:17:56.769-05:00 DEBUG 79813 --- [HikariPool-1 housekeeper] com.zaxxer.hikari.pool.HikariPool        : HikariPool-1 - Fill pool skipped, pool has sufficient level or currently being filled (queueDepth=0).
2023-12-28T09:18:26.773-05:00 DEBUG 79813 --- [HikariPool-1 housekeeper] com.zaxxer.hikari.pool.HikariPool        : HikariPool-1 - Pool stats (total=10, active=0, idle=10, waiting=0)
2023-12-28T09:18:26.773-05:00 DEBUG 79813 --- [HikariPool-1 housekeeper] com.zaxxer.hikari.pool.HikariPool        : HikariPool-1 - Fill pool skipped, pool has sufficient level or currently being filled (queueDepth=0).
2023-12-28T09:18:29.858-05:00 DEBUG 79813 --- [Catalina-utility-2] o.apache.catalina.session.ManagerBase    : Start expire sessions StandardManager at 1703773109857 sessioncount 0
2023-12-28T09:18:29.858-05:00 DEBUG 79813 --- [Catalina-utility-2] o.apache.catalina.session.ManagerBase    : End expire sessions StandardManager processingTime 1 expired sessions: 0
2023-12-28T09:18:56.772-05:00 DEBUG 79813 --- [HikariPool-1 housekeeper] com.zaxxer.hikari.pool.HikariPool        : HikariPool-1 - Pool stats (total=10, active=0, idle=10, waiting=0)
2023-12-28T09:18:56.772-05:00 DEBUG 79813 --- [HikariPool-1 housekeeper] com.zaxxer.hikari.pool.HikariPool        : HikariPool-1 - Fill pool skipped, pool has sufficient level or currently being filled (queueDepth=0).
2023-12-28T09:19:26.771-05:00 DEBUG 79813 --- [HikariPool-1 housekeeper] com.zaxxer.hikari.pool.HikariPool        : HikariPool-1 - Pool stats (total=10, active=0, idle=10, waiting=0)
2023-12-28T09:19:26.771-05:00 DEBUG 79813 --- [HikariPool-1 housekeeper] com.zaxxer.hikari.pool.HikariPool        : HikariPool-1 - Fill pool skipped, pool has sufficient level or currently being filled (queueDepth=0).
2023-12-28T09:19:29.873-05:00 DEBUG 79813 --- [Catalina-utility-2] o.apache.catalina.session.ManagerBase    : Start expire sessions StandardManager at 1703773169872 sessioncount 0
2023-12-28T09:19:29.873-05:00 DEBUG 79813 --- [Catalina-utility-2] o.apache.catalina.session.ManagerBase    : End expire sessions StandardManager processingTime 1 expired sessions: 0
2023-12-28T09:19:56.771-05:00 DEBUG 79813 --- [HikariPool-1 housekeeper] com.zaxxer.hikari.pool.HikariPool        : HikariPool-1 - Pool stats (total=10, active=0, idle=10, waiting=0)
2023-12-28T09:19:56.771-05:00 DEBUG 79813 --- [HikariPool-1 housekeeper] com.zaxxer.hikari.pool.HikariPool        : HikariPool-1 - Fill pool skipped, pool has sufficient level or currently being filled (queueDepth=0).
2023-12-28T09:20:26.770-05:00 DEBUG 79813 --- [HikariPool-1 housekeeper] com.zaxxer.hikari.pool.HikariPool        : HikariPool-1 - Pool stats (total=10, active=0, idle=10, waiting=0)
2023-12-28T09:20:26.770-05:00 DEBUG 79813 --- [HikariPool-1 housekeeper] com.zaxxer.hikari.pool.HikariPool        : HikariPool-1 - Fill pool skipped, pool has sufficient level or currently being filled (queueDepth=0).
2023-12-28T09:20:29.888-05:00 DEBUG 79813 --- [Catalina-utility-1] o.apache.catalina.session.ManagerBase    : Start expire sessions StandardManager at 1703773229888 sessioncount 0
2023-12-28T09:20:29.888-05:00 DEBUG 79813 --- [Catalina-utility-1] o.apache.catalina.session.ManagerBase    : End expire sessions StandardManager processingTime 0 expired sessions: 0
2023-12-28T09:20:56.772-05:00 DEBUG 79813 --- [HikariPool-1 housekeeper] com.zaxxer.hikari.pool.HikariPool        : HikariPool-1 - Pool stats (total=10, active=0, idle=10, waiting=0)
2023-12-28T09:20:56.772-05:00 DEBUG 79813 --- [HikariPool-1 housekeeper] com.zaxxer.hikari.pool.HikariPool        : HikariPool-1 - Fill pool skipped, pool has sufficient level or currently being filled (queueDepth=0).
2023-12-28T09:21:26.771-05:00 DEBUG 79813 --- [HikariPool-1 housekeeper] com.zaxxer.hikari.pool.HikariPool        : HikariPool-1 - Pool stats (total=10, active=0, idle=10, waiting=0)
2023-12-28T09:21:26.771-05:00 DEBUG 79813 --- [HikariPool-1 housekeeper] com.zaxxer.hikari.pool.HikariPool        : HikariPool-1 - Fill pool skipped, pool has sufficient level or currently being filled (queueDepth=0).
2023-12-28T09:21:29.902-05:00 DEBUG 79813 --- [Catalina-utility-2] o.apache.catalina.session.ManagerBase    : Start expire sessions StandardManager at 1703773289902 sessioncount 0
2023-12-28T09:21:29.902-05:00 DEBUG 79813 --- [Catalina-utility-2] o.apache.catalina.session.ManagerBase    : End expire sessions StandardManager processingTime 0 expired sessions: 0
2023-12-28T09:21:56.770-05:00 DEBUG 79813 --- [HikariPool-1 housekeeper] com.zaxxer.hikari.pool.HikariPool        : HikariPool-1 - Pool stats (total=10, active=0, idle=10, waiting=0)
2023-12-28T09:21:56.770-05:00 DEBUG 79813 --- [HikariPool-1 housekeeper] com.zaxxer.hikari.pool.HikariPool        : HikariPool-1 - Fill pool skipped, pool has sufficient level or currently being filled (queueDepth=0).
2023-12-28T09:22:26.774-05:00 DEBUG 79813 --- [HikariPool-1 housekeeper] com.zaxxer.hikari.pool.HikariPool        : HikariPool-1 - Pool stats (total=10, active=0, idle=10, waiting=0)
2023-12-28T09:22:26.775-05:00 DEBUG 79813 --- [HikariPool-1 housekeeper] com.zaxxer.hikari.pool.HikariPool        : HikariPool-1 - Fill pool skipped, pool has sufficient level or currently being filled (queueDepth=0).
2023-12-28T09:22:29.918-05:00 DEBUG 79813 --- [Catalina-utility-2] o.apache.catalina.session.ManagerBase    : Start expire sessions StandardManager at 1703773349918 sessioncount 0
2023-12-28T09:22:29.918-05:00 DEBUG 79813 --- [Catalina-utility-2] o.apache.catalina.session.ManagerBase    : End expire sessions StandardManager processingTime 0 expired sessions: 0
2023-12-28T09:22:56.776-05:00 DEBUG 79813 --- [HikariPool-1 housekeeper] com.zaxxer.hikari.pool.HikariPool        : HikariPool-1 - Pool stats (total=10, active=0, idle=10, waiting=0)
2023-12-28T09:22:56.776-05:00 DEBUG 79813 --- [HikariPool-1 housekeeper] com.zaxxer.hikari.pool.HikariPool        : HikariPool-1 - Fill pool skipped, pool has sufficient level or currently being filled (queueDepth=0).
2023-12-28T09:23:26.775-05:00 DEBUG 79813 --- [HikariPool-1 housekeeper] com.zaxxer.hikari.pool.HikariPool        : HikariPool-1 - Pool stats (total=10, active=0, idle=10, waiting=0)
2023-12-28T09:23:26.775-05:00 DEBUG 79813 --- [HikariPool-1 housekeeper] com.zaxxer.hikari.pool.HikariPool        : HikariPool-1 - Fill pool skipped, pool has sufficient level or currently being filled (queueDepth=0).
2023-12-28T09:23:29.928-05:00 DEBUG 79813 --- [Catalina-utility-2] o.apache.catalina.session.ManagerBase    : Start expire sessions StandardManager at 1703773409928 sessioncount 0
2023-12-28T09:23:29.928-05:00 DEBUG 79813 --- [Catalina-utility-2] o.apache.catalina.session.ManagerBase    : End expire sessions StandardManager processingTime 0 expired sessions: 0
2023-12-28T09:23:56.779-05:00 DEBUG 79813 --- [HikariPool-1 housekeeper] com.zaxxer.hikari.pool.HikariPool        : HikariPool-1 - Pool stats (total=10, active=0, idle=10, waiting=0)
2023-12-28T09:23:56.779-05:00 DEBUG 79813 --- [HikariPool-1 housekeeper] com.zaxxer.hikari.pool.HikariPool        : HikariPool-1 - Fill pool skipped, pool has sufficient level or currently being filled (queueDepth=0).
